Using pre-set license
Built from '2020.3/staging' branch; Version is '2020.3.0f1 (c7b5465681fb) revision 13088070'; Using compiler version '192528614'; Build Type 'Release'
OS: 'Windows 10 Home; OS build 18363.1440; Version 1909; 64bit' Language: 'fr' Physical Memory: 16232 MB
BatchMode: 1, IsHumanControllingUs: 0, StartBugReporterOnCrash: 0, Is64bit: 1, IsPro: 0

 COMMAND LINE ARGUMENTS:
C:\Program Files\Unity\Hub\Editor\2020.3.0f1\Editor\Unity.exe
-adb2
-batchMode
-noUpm
-name
AssetImportWorker0
-projectPath
C:/Users/teobo/Documents/GitHub/Boidin_Morcet_Bouziane_3ADJV_PROGGAMEPLAY/Touhou ECS
-logFile
Logs/AssetImportWorker0.log
-srvPort
51006
Successfully changed project path to: C:/Users/teobo/Documents/GitHub/Boidin_Morcet_Bouziane_3ADJV_PROGGAMEPLAY/Touhou ECS
C:/Users/teobo/Documents/GitHub/Boidin_Morcet_Bouziane_3ADJV_PROGGAMEPLAY/Touhou ECS
Using Asset Import Pipeline V2.
Refreshing native plugins compatible for Editor in 30.61 ms, found 0 plugins.
Preloading 0 native plugins for Editor in 0.00 ms.
Initialize engine version: 2020.3.0f1 (c7b5465681fb)
[Subsystems] Discovering subsystems at path C:/Program Files/Unity/Hub/Editor/2020.3.0f1/Editor/Data/Resources/UnitySubsystems
[Subsystems] Discovering subsystems at path C:/Users/teobo/Documents/GitHub/Boidin_Morcet_Bouziane_3ADJV_PROGGAMEPLAY/Touhou ECS/Assets
GfxDevice: creating device client; threaded=0
Direct3D:
    Version:  Direct3D 11.0 [level 11.1]
    Renderer: NVIDIA GeForce GTX 1660 Ti (ID=0x2191)
    Vendor:   
    VRAM:     5991 MB
    Driver:   26.21.14.4137
Initialize mono
Mono path[0] = 'C:/Program Files/Unity/Hub/Editor/2020.3.0f1/Editor/Data/Managed'
Mono path[1] = 'C:/Program Files/Unity/Hub/Editor/2020.3.0f1/Editor/Data/MonoBleedingEdge/lib/mono/unityjit'
Mono config path = 'C:/Program Files/Unity/Hub/Editor/2020.3.0f1/Editor/Data/MonoBleedingEdge/etc'
Using monoOptions --debugger-agent=transport=dt_socket,embedding=1,server=y,suspend=n,address=127.0.0.1:56524
Begin MonoManager ReloadAssembly
Registering precompiled unity dll's ...
Register platform support module: C:/Program Files/Unity/Hub/Editor/2020.3.0f1/Editor/Data/PlaybackEngines/WindowsStandaloneSupport/UnityEditor.WindowsStandalone.Extensions.dll
Registered in 0.002410 seconds.
Native extension for WindowsStandalone target not found
Refreshing native plugins compatible for Editor in 21.95 ms, found 0 plugins.
Preloading 0 native plugins for Editor in 0.00 ms.
Invoked RoslynAnalysisRunner static constructor.
RoslynAnalysisRunner will not be running.
RoslynAnalysisRunner has terminated.
Mono: successfully reloaded assembly
- Completed reload, in  1.010 seconds
Platform modules already initialized, skipping
Registering precompiled user dll's ...
Registered in 0.000838 seconds.
Begin MonoManager ReloadAssembly
Native extension for WindowsStandalone target not found
Refreshing native plugins compatible for Editor in 0.19 ms, found 0 plugins.
Preloading 0 native plugins for Editor in 0.00 ms.
Invoked RoslynAnalysisRunner static constructor.
RoslynAnalysisRunner will not be running.
RoslynAnalysisRunner has terminated.
Mono: successfully reloaded assembly
- Completed reload, in  0.787 seconds
Platform modules already initialized, skipping
========================================================================
Worker process is ready to serve import requests
Launched and connected shader compiler UnityShaderCompiler.exe after 0.14 seconds
Refreshing native plugins compatible for Editor in 0.17 ms, found 0 plugins.
Preloading 0 native plugins for Editor in 0.00 ms.
Unloading 1138 Unused Serialized files (Serialized files now loaded: 0)
System memory in use before: 57.9 MB.
System memory in use after: 57.9 MB.

Unloading 10 unused Assets to reduce memory usage. Loaded Objects now: 1580.
Total: 1.723000 ms (FindLiveObjects: 0.136500 ms CreateObjectMapping: 0.042300 ms MarkObjects: 1.468700 ms  DeleteObjects: 0.074100 ms)

========================================================================
Received Import Request.
  path: Assets/Script/Updaters/SpawnUpdater.cs
  artifactKey: Guid(72254e96b5bd99a41ae8d28c34ea3857) Importer(815301076,1909f56bfc062723c751e8b465ee728b)
Start importing Assets/Script/Updaters/SpawnUpdater.cs using Guid(72254e96b5bd99a41ae8d28c34ea3857) Importer(815301076,1909f56bfc062723c751e8b465ee728b)  -> (artifact id: '164d8fccd03d8aecdc3a2f777b17d285') in 0.030956 seconds
  Import took 0.032790 seconds .

========================================================================
Received Import Request.
  Time since last request: 10.008367 seconds.
  path: Assets/Script/Updaters/SpawnUpdater.cs
  artifactKey: Guid(72254e96b5bd99a41ae8d28c34ea3857) Importer(815301076,1909f56bfc062723c751e8b465ee728b)
Start importing Assets/Script/Updaters/SpawnUpdater.cs using Guid(72254e96b5bd99a41ae8d28c34ea3857) Importer(815301076,1909f56bfc062723c751e8b465ee728b)  -> (artifact id: 'fa03fc9a342eb32cd105ff11bb36d649') in 0.004891 seconds
  Import took 0.007046 seconds .

========================================================================
Received Prepare
Registering precompiled user dll's ...
Registered in 0.000816 seconds.
Begin MonoManager ReloadAssembly
Native extension for WindowsStandalone target not found
Refreshing native plugins compatible for Editor in 0.18 ms, found 0 plugins.
Preloading 0 native plugins for Editor in 0.00 ms.
Invoked RoslynAnalysisRunner static constructor.
RoslynAnalysisRunner will not be running.
RoslynAnalysisRunner has terminated.
Mono: successfully reloaded assembly
- Completed reload, in  0.731 seconds
Platform modules already initialized, skipping
Refreshing native plugins compatible for Editor in 0.18 ms, found 0 plugins.
Preloading 0 native plugins for Editor in 0.00 ms.
Unloading 1133 Unused Serialized files (Serialized files now loaded: 0)
System memory in use before: 57.8 MB.
System memory in use after: 57.9 MB.

Unloading 5 unused Assets to reduce memory usage. Loaded Objects now: 1583.
Total: 1.457000 ms (FindLiveObjects: 0.128100 ms CreateObjectMapping: 0.030600 ms MarkObjects: 1.252000 ms  DeleteObjects: 0.045700 ms)

========================================================================
Received Prepare
Registering precompiled user dll's ...
Registered in 0.000831 seconds.
Begin MonoManager ReloadAssembly
Native extension for WindowsStandalone target not found
Refreshing native plugins compatible for Editor in 0.18 ms, found 0 plugins.
Preloading 0 native plugins for Editor in 0.00 ms.
Invoked RoslynAnalysisRunner static constructor.
RoslynAnalysisRunner will not be running.
RoslynAnalysisRunner has terminated.
Mono: successfully reloaded assembly
- Completed reload, in  0.737 seconds
Platform modules already initialized, skipping
Refreshing native plugins compatible for Editor in 0.18 ms, found 0 plugins.
Preloading 0 native plugins for Editor in 0.00 ms.
Unloading 1133 Unused Serialized files (Serialized files now loaded: 0)
System memory in use before: 57.8 MB.
System memory in use after: 57.9 MB.

Unloading 5 unused Assets to reduce memory usage. Loaded Objects now: 1586.
Total: 4.258700 ms (FindLiveObjects: 0.272100 ms CreateObjectMapping: 0.097000 ms MarkObjects: 3.760900 ms  DeleteObjects: 0.125600 ms)

========================================================================
Received Import Request.
  Time since last request: 83.680536 seconds.
  path: Assets/Script/Updaters/SpawnUpdater.cs
  artifactKey: Guid(72254e96b5bd99a41ae8d28c34ea3857) Importer(815301076,1909f56bfc062723c751e8b465ee728b)
Start importing Assets/Script/Updaters/SpawnUpdater.cs using Guid(72254e96b5bd99a41ae8d28c34ea3857) Importer(815301076,1909f56bfc062723c751e8b465ee728b)  -> (artifact id: '4202657ed7afc0b11bf69fbec387187f') in 0.008228 seconds
  Import took 0.010414 seconds .

========================================================================
Received Prepare
Registering precompiled user dll's ...
Registered in 0.000884 seconds.
Begin MonoManager ReloadAssembly
Native extension for WindowsStandalone target not found
Refreshing native plugins compatible for Editor in 0.33 ms, found 0 plugins.
Preloading 0 native plugins for Editor in 0.00 ms.
Invoked RoslynAnalysisRunner static constructor.
RoslynAnalysisRunner will not be running.
RoslynAnalysisRunner has terminated.
Mono: successfully reloaded assembly
- Completed reload, in  0.819 seconds
Platform modules already initialized, skipping
Refreshing native plugins compatible for Editor in 0.26 ms, found 0 plugins.
Preloading 0 native plugins for Editor in 0.00 ms.
Unloading 1133 Unused Serialized files (Serialized files now loaded: 0)
System memory in use before: 57.9 MB.
System memory in use after: 57.9 MB.

Unloading 5 unused Assets to reduce memory usage. Loaded Objects now: 1589.
Total: 1.664600 ms (FindLiveObjects: 0.210600 ms CreateObjectMapping: 0.070400 ms MarkObjects: 1.337600 ms  DeleteObjects: 0.044400 ms)

========================================================================
Received Import Request.
  Time since last request: 58.912969 seconds.
  path: Assets/Script/Updaters/SpawnUpdater.cs
  artifactKey: Guid(72254e96b5bd99a41ae8d28c34ea3857) Importer(815301076,1909f56bfc062723c751e8b465ee728b)
Start importing Assets/Script/Updaters/SpawnUpdater.cs using Guid(72254e96b5bd99a41ae8d28c34ea3857) Importer(815301076,1909f56bfc062723c751e8b465ee728b)  -> (artifact id: '5de2bd103662e9cc145c3af1691f1f3e') in 0.006504 seconds
  Import took 0.008720 seconds .

========================================================================
Received Prepare
Registering precompiled user dll's ...
Registered in 0.000801 seconds.
Begin MonoManager ReloadAssembly
Native extension for WindowsStandalone target not found
Refreshing native plugins compatible for Editor in 0.19 ms, found 0 plugins.
Preloading 0 native plugins for Editor in 0.00 ms.
Invoked RoslynAnalysisRunner static constructor.
RoslynAnalysisRunner will not be running.
RoslynAnalysisRunner has terminated.
Mono: successfully reloaded assembly
- Completed reload, in  0.767 seconds
Platform modules already initialized, skipping
Refreshing native plugins compatible for Editor in 0.19 ms, found 0 plugins.
Preloading 0 native plugins for Editor in 0.00 ms.
Unloading 1133 Unused Serialized files (Serialized files now loaded: 0)
System memory in use before: 57.9 MB.
System memory in use after: 57.9 MB.

Unloading 5 unused Assets to reduce memory usage. Loaded Objects now: 1592.
Total: 1.710300 ms (FindLiveObjects: 0.112100 ms CreateObjectMapping: 0.030500 ms MarkObjects: 1.523300 ms  DeleteObjects: 0.043500 ms)

========================================================================
Received Import Request.
  Time since last request: 19.294732 seconds.
  path: Assets/Script/Updaters/SpawnUpdater.cs
  artifactKey: Guid(72254e96b5bd99a41ae8d28c34ea3857) Importer(815301076,1909f56bfc062723c751e8b465ee728b)
Start importing Assets/Script/Updaters/SpawnUpdater.cs using Guid(72254e96b5bd99a41ae8d28c34ea3857) Importer(815301076,1909f56bfc062723c751e8b465ee728b)  -> (artifact id: 'df2830838e410a5de22b0ec3d7e2cf6c') in 0.006409 seconds
  Import took 0.008386 seconds .

========================================================================
Received Import Request.
  Time since last request: 1.402371 seconds.
  path: Assets/Script/Updaters/SpawnUpdater.cs
  artifactKey: Guid(72254e96b5bd99a41ae8d28c34ea3857) Importer(815301076,1909f56bfc062723c751e8b465ee728b)
Start importing Assets/Script/Updaters/SpawnUpdater.cs using Guid(72254e96b5bd99a41ae8d28c34ea3857) Importer(815301076,1909f56bfc062723c751e8b465ee728b)  -> (artifact id: 'df2830838e410a5de22b0ec3d7e2cf6c') in 0.004519 seconds
  Import took 0.006232 seconds .

========================================================================
Received Prepare
Registering precompiled user dll's ...
Registered in 0.000901 seconds.
Begin MonoManager ReloadAssembly
Native extension for WindowsStandalone target not found
Refreshing native plugins compatible for Editor in 0.21 ms, found 0 plugins.
Preloading 0 native plugins for Editor in 0.00 ms.
Invoked RoslynAnalysisRunner static constructor.
RoslynAnalysisRunner will not be running.
RoslynAnalysisRunner has terminated.
Mono: successfully reloaded assembly
- Completed reload, in  0.729 seconds
Platform modules already initialized, skipping
Refreshing native plugins compatible for Editor in 0.18 ms, found 0 plugins.
Preloading 0 native plugins for Editor in 0.00 ms.
Unloading 1133 Unused Serialized files (Serialized files now loaded: 0)
System memory in use before: 57.9 MB.
System memory in use after: 58.0 MB.

Unloading 5 unused Assets to reduce memory usage. Loaded Objects now: 1595.
Total: 1.612700 ms (FindLiveObjects: 0.155300 ms CreateObjectMapping: 0.061100 ms MarkObjects: 1.345200 ms  DeleteObjects: 0.049700 ms)

========================================================================
Received Import Request.
  Time since last request: 32.061957 seconds.
  path: Assets/Script/Updaters/SpawnUpdater.cs
  artifactKey: Guid(72254e96b5bd99a41ae8d28c34ea3857) Importer(815301076,1909f56bfc062723c751e8b465ee728b)
Start importing Assets/Script/Updaters/SpawnUpdater.cs using Guid(72254e96b5bd99a41ae8d28c34ea3857) Importer(815301076,1909f56bfc062723c751e8b465ee728b)  -> (artifact id: 'c9fc4038158da1f50ec3e8047e0ce1fe') in 0.005931 seconds
  Import took 0.007734 seconds .

========================================================================
Received Prepare
Registering precompiled user dll's ...
Registered in 0.000914 seconds.
Begin MonoManager ReloadAssembly
Native extension for WindowsStandalone target not found
Refreshing native plugins compatible for Editor in 0.18 ms, found 0 plugins.
Preloading 0 native plugins for Editor in 0.00 ms.
Invoked RoslynAnalysisRunner static constructor.
RoslynAnalysisRunner will not be running.
RoslynAnalysisRunner has terminated.
Mono: successfully reloaded assembly
- Completed reload, in  0.714 seconds
Platform modules already initialized, skipping
Refreshing native plugins compatible for Editor in 0.18 ms, found 0 plugins.
Preloading 0 native plugins for Editor in 0.00 ms.
Unloading 1133 Unused Serialized files (Serialized files now loaded: 0)
System memory in use before: 57.9 MB.
System memory in use after: 58.0 MB.

Unloading 5 unused Assets to reduce memory usage. Loaded Objects now: 1598.
Total: 1.538300 ms (FindLiveObjects: 0.120800 ms CreateObjectMapping: 0.036200 ms MarkObjects: 1.336100 ms  DeleteObjects: 0.043900 ms)

AssetImportWorkerClient::OnTransportError - code=2 error=End of file
